<?xml version="1.0" encoding="UTF-8"?>
<!-- Generated by org.testng.reporters.JUnitReportReporter -->
<testsuite skipped="0" hostname="LAPTOP-HPGR5EAK" name="com.dcirrus.login.UserModule" tests="2" failures="0" timestamp="14 Sep 2020 12:43:53 GMT" time="108.793" errors="0">
  <testcase name="createFolderUser" time="4.875" classname="com.dcirrus.login.UserModule"/>
  <testcase name="requestFileDeposit" time="103.918" classname="com.dcirrus.login.UserModule"/>
</testsuite> <!-- com.dcirrus.login.UserModule -->
